[2025-02-17T10:08:26.652Z] Revalidate Auto -  Revalidate: post : automotive-lubricants-additives-how-they-change-the-performance-to-outstanding 
[2025-02-17T10:09:57.069Z] Revalidate Auto -  Revalidate: post : automotive-lubricants-additives-how-they-change-the-performance-to-outstanding 
[2025-02-17T10:10:34.297Z] Revalidate Auto -  Revalidate: post : automotive-lubricants-additives-how-they-change-the-performance-to-outstanding 
[2025-02-17T10:11:18.039Z] Revalidate Auto -  Revalidate: about-us : about-us 
[2025-02-17T10:16:24.800Z] Revalidate Auto -  Revalidate: contact : contact 
[2025-02-17T10:25:59.837Z] Revalidate Auto -  Revalidate: home-page : / 
[2025-02-17T10:27:43.303Z] Revalidate Auto -  Revalidate: search-page : search 
[2025-02-17T10:30:10.012Z] Revalidate Auto -  Revalidate: search-page : search 
[2025-02-17T10:34:05.899Z] Revalidate Manual - All Revalidate Done  
[2025-02-17T10:45:04.266Z] Redirection Auto -  Redirection Model: redirection-url 
[2025-02-17T10:45:24.163Z] Redirection Auto -  Redirection Model: redirection-url 
[2025-02-17T11:09:53.114Z] Revalidate Auto -  Revalidate: post : automotive-lubricants-additives-how-they-change-the-performance-to-outstanding 
[2025-02-17T11:11:42.419Z] Revalidate Auto -  Revalidate: post : automotive-lubricants-additives-how-they-change-the-performance-to-outstanding 
[2025-02-17T11:13:48.767Z] Revalidate Auto -  Revalidate: product : chempol-4155-automotive-transmission-fluid-additive 
[2025-02-17T11:14:51.898Z] Revalidate Auto -  Revalidate: product : chempol-4155-automotive-transmission-fluid-additive 
[2025-02-17T11:15:16.764Z] Revalidate Auto -  Revalidate: product : chempol-4155-automotive-transmission-fluid-additive 
[2025-02-17T11:15:46.100Z] Revalidate Auto -  Revalidate: post : automotive-lubricants-additives-how-they-change-the-performance-to-outstanding 
[2025-02-17T11:15:59.377Z] Revalidate Auto -  Revalidate: product : chempol-4155-automotive-transmission-fluid-additive 
[2025-02-17T11:16:26.699Z] Revalidate Auto -  Revalidate: product : chempol-4155-automotive-transmission-fluid-additive 
[2025-02-17T11:16:56.770Z] Revalidate Auto -  Revalidate: product : chempol-4155-automotive-transmission-fluid-additive 
[2025-02-17T11:17:54.282Z] Revalidate Auto -  Revalidate: product : chempol-4155-automotive-transmission-fluid-additive 
[2025-02-17T11:19:09.912Z] Revalidate Auto -  Revalidate: product : chempol-4155-automotive-transmission-fluid-additive 
[2025-02-17T11:19:59.475Z] Revalidate Auto -  Revalidate: product : chempol-4155-automotive-transmission-fluid-additive 
[2025-02-17T11:20:52.163Z] Revalidate Auto -  Revalidate: product : chempol-4155-automotive-transmission-fluid-additive 
[2025-02-17T11:21:07.797Z] Revalidate Auto -  Revalidate: product : chempol-4155-automotive-transmission-fluid-additive 
[2025-02-17T11:22:13.530Z] Revalidate Auto -  Revalidate: product : chempol-4155-automotive-transmission-fluid-additive 
[2025-02-17T11:22:26.981Z] Revalidate Auto -  Revalidate: product : chempol-4155-automotive-transmission-fluid-additive 
[2025-02-17T11:24:01.058Z] Revalidate Auto -  Revalidate: product : chempol-4155-automotive-transmission-fluid-additive 
[2025-02-17T11:24:55.091Z] Revalidate Auto -  Revalidate: product : chempol-4155-automotive-transmission-fluid-additive 
[2025-02-17T11:25:15.027Z] Revalidate Auto -  Revalidate: product : chempol-4155-automotive-transmission-fluid-additive 
[2025-02-17T11:26:24.603Z] Revalidate Auto -  Revalidate: product : chempol-4155-automotive-transmission-fluid-additive 
[2025-02-17T11:26:55.134Z] Revalidate Auto -  Revalidate: product : chempol-4155-automotive-transmission-fluid-additive 
[2025-02-17T11:28:14.613Z] Revalidate Auto -  Revalidate: product : chempol-4155-automotive-transmission-fluid-additive 
[2025-02-17T11:44:56.257Z] Revalidate Auto -  Revalidate: product : chempol-4155-automotive-transmission-fluid-additive 
[2025-02-17T11:45:35.497Z] Revalidate Auto -  Revalidate: product : chempol-4155-automotive-transmission-fluid-additive 
[2025-02-17T11:46:33.173Z] Revalidate Auto -  Revalidate: product : chempol-4155-automotive-transmission-fluid-additive 
[2025-02-17T11:47:06.479Z] Revalidate Auto -  Revalidate: product : chempol-4155-automotive-transmission-fluid-additive 
[2025-02-17T11:47:29.029Z] Revalidate Auto -  Revalidate: product : chempol-4155-automotive-transmission-fluid-additive 
[2025-02-17T11:47:57.600Z] Revalidate Auto -  Revalidate: product : chempol-4155-automotive-transmission-fluid-additive 
[2025-02-17T11:48:07.870Z] Revalidate Auto -  Revalidate: product : chempol-4155-automotive-transmission-fluid-additive 
[2025-02-17T11:48:23.730Z] Revalidate Auto -  Revalidate: product : chempol-4155-automotive-transmission-fluid-additive 
[2025-02-17T11:49:28.413Z] Revalidate Auto -  Revalidate: product : chempol-5177-silicon-base-antifoam-inhibitor 
[2025-02-17T11:49:51.992Z] Revalidate Auto -  Revalidate: product : chempol-5177-silicon-base-antifoam-inhibitor 
[2025-02-17T11:51:55.396Z] Revalidate Auto -  Revalidate: product : chempol-5177-silicon-base-antifoam-inhibitor 
[2025-02-17T11:52:35.806Z] Revalidate Auto -  Revalidate: product : chempol-5177-silicon-base-antifoam-inhibitor 
